0 verbose cli /usr/local/bin/node /usr/local/bin/npm
1 info using npm@8.19.2
2 info using node@v16.18.1
3 timing npm:load:whichnode Completed in 0ms
4 timing config:load:defaults Completed in 3ms
5 timing config:load:file:/usr/local/lib/node_modules/npm/npmrc Completed in 1ms
6 timing config:load:builtin Completed in 1ms
7 warn config production Use `--omit=dev` instead.
8 timing config:load:cli Completed in 3ms
9 timing config:load:env Completed in 1ms
10 timing config:load:project Completed in 54ms
11 timing config:load:file:/home/container/.npmrc Completed in 2ms
12 timing config:load:user Completed in 4ms
13 timing config:load:file:/usr/local/etc/npmrc Completed in 0ms
14 timing config:load:global Completed in 1ms
15 timing config:load:validate Completed in 0ms
16 timing config:load:credentials Completed in 2ms
17 timing config:load:setEnvs Completed in 1ms
18 timing config:load Completed in 71ms
19 timing npm:load:configload Completed in 71ms
20 timing npm:load:mkdirpcache Completed in 2ms
21 timing npm:load:mkdirplogs Completed in 0ms
22 verbose title npm install
23 verbose argv "install" "--production"
24 timing npm:load:setTitle Completed in 1ms
25 timing config:load:flatten Completed in 4ms
26 timing npm:load:display Completed in 8ms
27 verbose logfile logs-max:10 dir:/home/container/.npm/_logs
28 verbose logfile /home/container/.npm/_logs/2022-11-13T15_16_07_223Z-debug-0.log
29 timing npm:load:logFile Completed in 6ms
30 timing npm:load:timers Completed in 0ms
31 timing npm:load:configScope Completed in 0ms
32 timing npm:load Completed in 91ms
33 timing arborist:ctor Completed in 2ms
34 silly logfile start cleaning logs, removing 1 files
35 silly logfile done cleaning log files
36 timing idealTree:init Completed in 245ms
37 timing idealTree:userRequests Completed in 0ms
38 silly idealTree buildDeps
39 timing idealTree:#root Completed in 1ms
40 timing idealTree:buildDeps Completed in 2ms
41 timing idealTree:fixDepFlags Completed in 0ms
42 timing idealTree Completed in 250ms
43 timing arborist:ctor Completed in 1ms
44 timing reify:loadTrees Completed in 336ms
45 timing reify:diffTrees Completed in 4ms
46 silly reify moves {}
47 timing reify:retireShallow Completed in 2ms
48 timing reify:createSparse Completed in 0ms
49 timing reify:trashOmits Completed in 0ms
50 timing reify:loadBundles Completed in 0ms
51 silly audit bulk request {
51 silly audit   '@discordjs/builders': [ '0.16.0' ],
51 silly audit   'discord-api-types': [ '0.36.3', '0.33.5' ],
51 silly audit   '@discordjs/collection': [ '0.7.0' ],
51 silly audit   '@sapphire/async-queue': [ '1.5.0' ],
51 silly audit   '@sapphire/shapeshift': [ '3.5.1' ],
51 silly audit   '@types/node': [ '17.0.33' ],
51 silly audit   '@types/node-fetch': [ '2.6.2' ],
51 silly audit   'form-data': [ '3.0.1', '4.0.0' ],
51 silly audit   '@types/ws': [ '8.5.3' ],
51 silly audit   asynckit: [ '0.4.0' ],
51 silly audit   'combined-stream': [ '1.0.8' ],
51 silly audit   'delayed-stream': [ '1.0.0' ],
51 silly audit   'discord-temp-channels': [ '3.0.2' ],
51 silly audit   'discord-together': [ '1.3.3' ],
51 silly audit   'discord.js': [ '13.12.0' ],
51 silly audit   'fast-deep-equal': [ '3.1.3' ],
51 silly audit   'lodash.uniqwith': [ '4.5.0' ],
51 silly audit   'mime-db': [ '1.52.0' ],
51 silly audit   'mime-types': [ '2.1.35' ],
51 silly audit   'node-fetch': [ '2.6.7' ],
51 silly audit   tr46: [ '0.0.3' ],
51 silly audit   'ts-mixer': [ '6.0.1' ],
51 silly audit   tslib: [ '2.4.0' ],
51 silly audit   'webidl-conversions': [ '3.0.1' ],
51 silly audit   'whatwg-url': [ '5.0.0' ],
51 silly audit   ws: [ '8.9.0' ]
51 silly audit }
52 timing reify:unpack Completed in 4ms
53 timing reify:unretire Completed in 0ms
54 timing build:queue Completed in 0ms
55 timing build:deps Completed in 0ms
56 timing build Completed in 0ms
57 timing reify:build Completed in 1ms
58 timing reify:trash Completed in 0ms
59 timing reify:save Completed in 62ms
60 http fetch POST 200 https://registry.npmjs.org/-/npm/v1/security/advisories/bulk 300ms
61 timing auditReport:getReport Completed in 306ms
62 silly audit report {}
63 timing auditReport:init Completed in 0ms
64 timing reify:audit Completed in 306ms
65 timing reify Completed in 693ms
66 timing command:install Completed in 723ms
67 verbose exit 0
68 timing npm Completed in 1099ms
69 info ok
