0 verbose cli [
0 verbose cli   '/usr/local/bin/node',
0 verbose cli   '/usr/local/bin/npm',
0 verbose cli   'install',
0 verbose cli   '--production'
0 verbose cli ]
1 info using npm@8.5.0
2 info using node@v16.14.2
3 timing npm:load:whichnode Completed in 1ms
4 timing config:load:defaults Completed in 2ms
5 timing config:load:file:/usr/local/lib/node_modules/npm/npmrc Completed in 5ms
6 timing config:load:builtin Completed in 6ms
7 verbose config production Use `--omit=dev` instead.
8 timing config:load:cli Completed in 3ms
9 timing config:load:env Completed in 0ms
10 timing config:load:project Completed in 71ms
11 timing config:load:file:/home/container/.npmrc Completed in 0ms
12 timing config:load:user Completed in 1ms
13 timing config:load:file:/usr/local/etc/npmrc Completed in 1ms
14 timing config:load:global Completed in 1ms
15 timing config:load:validate Completed in 1ms
16 timing config:load:credentials Completed in 1ms
17 timing config:load:setEnvs Completed in 2ms
18 timing config:load Completed in 90ms
19 timing npm:load:configload Completed in 90ms
20 timing npm:load:setTitle Completed in 1ms
21 timing config:load:flatten Completed in 4ms
22 timing npm:load:display Completed in 7ms
23 verbose logfile /home/container/.npm/_logs/2022-10-18T04_37_05_637Z-debug-0.log
24 timing npm:load:logFile Completed in 8ms
25 timing npm:load:timers Completed in 0ms
26 timing npm:load:configScope Completed in 0ms
27 timing npm:load Completed in 108ms
28 timing arborist:ctor Completed in 1ms
29 silly logfile start cleaning logs, removing 1 files
30 timing idealTree:init Completed in 113ms
31 timing idealTree:userRequests Completed in 0ms
32 silly idealTree buildDeps
33 timing idealTree:#root Completed in 0ms
34 timing idealTree:buildDeps Completed in 3ms
35 timing idealTree:fixDepFlags Completed in 0ms
36 timing idealTree Completed in 120ms
37 timing arborist:ctor Completed in 0ms
38 timing reify:loadTrees Completed in 275ms
39 timing reify:diffTrees Completed in 3ms
40 silly reify moves {}
41 timing reify:retireShallow Completed in 0ms
42 timing reify:createSparse Completed in 0ms
43 timing reify:trashOmits Completed in 0ms
44 timing reify:loadBundles Completed in 0ms
45 silly audit bulk request {
45 silly audit   '@discordjs/builders': [ '0.16.0' ],
45 silly audit   'discord-api-types': [ '0.36.3', '0.33.5' ],
45 silly audit   '@discordjs/collection': [ '0.7.0' ],
45 silly audit   '@sapphire/async-queue': [ '1.5.0' ],
45 silly audit   '@sapphire/shapeshift': [ '3.5.1' ],
45 silly audit   '@types/node': [ '17.0.33' ],
45 silly audit   '@types/node-fetch': [ '2.6.2' ],
45 silly audit   'form-data': [ '3.0.1', '4.0.0' ],
45 silly audit   '@types/ws': [ '8.5.3' ],
45 silly audit   asynckit: [ '0.4.0' ],
45 silly audit   'combined-stream': [ '1.0.8' ],
45 silly audit   'delayed-stream': [ '1.0.0' ],
45 silly audit   'discord-temp-channels': [ '3.0.2' ],
45 silly audit   'discord-together': [ '1.3.3' ],
45 silly audit   'discord.js': [ '13.12.0' ],
45 silly audit   'fast-deep-equal': [ '3.1.3' ],
45 silly audit   'lodash.uniqwith': [ '4.5.0' ],
45 silly audit   'mime-db': [ '1.52.0' ],
45 silly audit   'mime-types': [ '2.1.35' ],
45 silly audit   'node-fetch': [ '2.6.7' ],
45 silly audit   tr46: [ '0.0.3' ],
45 silly audit   'ts-mixer': [ '6.0.1' ],
45 silly audit   tslib: [ '2.4.0' ],
45 silly audit   'webidl-conversions': [ '3.0.1' ],
45 silly audit   'whatwg-url': [ '5.0.0' ],
45 silly audit   ws: [ '8.9.0' ]
45 silly audit }
46 timing reify:unpack Completed in 3ms
47 timing reify:unretire Completed in 0ms
48 timing build:queue Completed in 0ms
49 timing build:deps Completed in 0ms
50 timing build Completed in 0ms
51 timing reify:build Completed in 1ms
52 timing reify:trash Completed in 0ms
53 timing reify:save Completed in 33ms
54 http fetch POST 200 https://registry.npmjs.org/-/npm/v1/security/advisories/bulk 379ms
55 timing auditReport:getReport Completed in 382ms
56 silly audit report {}
57 timing auditReport:init Completed in 0ms
58 timing reify:audit Completed in 384ms
59 timing reify Completed in 686ms
60 timing command:install Completed in 747ms
61 verbose exit 0
62 timing npm Completed in 1425ms
63 info ok
