0 verbose cli /usr/local/bin/node /usr/local/bin/npm
1 info using npm@8.19.2
2 info using node@v16.18.1
3 timing npm:load:whichnode Completed in 0ms
4 timing config:load:defaults Completed in 2ms
5 timing config:load:file:/usr/local/lib/node_modules/npm/npmrc Completed in 0ms
6 timing config:load:builtin Completed in 2ms
7 timing config:load:cli Completed in 2ms
8 timing config:load:env Completed in 0ms
9 timing config:load:project Completed in 9ms
10 timing config:load:file:/home/container/.npmrc Completed in 0ms
11 timing config:load:user Completed in 0ms
12 timing config:load:file:/usr/local/etc/npmrc Completed in 0ms
13 timing config:load:global Completed in 0ms
14 timing config:load:validate Completed in 0ms
15 timing config:load:credentials Completed in 1ms
16 timing config:load:setEnvs Completed in 44ms
17 timing config:load Completed in 63ms
18 timing npm:load:configload Completed in 63ms
19 timing npm:load:mkdirpcache Completed in 13ms
20 timing npm:load:mkdirplogs Completed in 1ms
21 verbose title npm install discord.js
22 verbose argv "install" "discord.js"
23 timing npm:load:setTitle Completed in 2ms
24 timing config:load:flatten Completed in 5ms
25 timing npm:load:display Completed in 7ms
26 verbose logfile logs-max:10 dir:/home/container/.npm/_logs
27 verbose logfile /home/container/.npm/_logs/2022-11-13T15_16_04_619Z-debug-0.log
28 timing npm:load:logFile Completed in 8ms
29 timing npm:load:timers Completed in 0ms
30 timing npm:load:configScope Completed in 0ms
31 timing npm:load Completed in 94ms
32 timing arborist:ctor Completed in 1ms
33 silly logfile start cleaning logs, removing 2 files
34 silly logfile done cleaning log files
35 timing idealTree:init Completed in 109ms
36 timing idealTree:userRequests Completed in 2ms
37 silly idealTree buildDeps
38 silly fetch manifest discord.js@^13.12.0
39 timing arborist:ctor Completed in 0ms
40 http fetch GET 200 https://registry.npmjs.org/npm 768ms (cache updated)
41 http fetch GET 200 https://registry.npmjs.org/discord.js 938ms (cache updated)
42 silly placeDep ROOT discord.js@13.12.0 REPLACE for:  want: ^13.12.0
43 timing idealTree:#root Completed in 1106ms
44 timing idealTree:node_modules/discord.js Completed in 0ms
45 timing idealTree:buildDeps Completed in 1108ms
46 timing idealTree:fixDepFlags Completed in 1ms
47 timing idealTree Completed in 1222ms
48 timing reify:loadTrees Completed in 1223ms
49 timing reify:diffTrees Completed in 4ms
50 silly reify moves {}
51 timing reify:retireShallow Completed in 1ms
52 timing reify:createSparse Completed in 0ms
53 timing reify:loadBundles Completed in 0ms
54 silly audit bulk request {
54 silly audit   '@discordjs/builders': [ '0.16.0' ],
54 silly audit   'discord-api-types': [ '0.36.3', '0.33.5' ],
54 silly audit   '@discordjs/collection': [ '0.7.0' ],
54 silly audit   '@sapphire/async-queue': [ '1.5.0' ],
54 silly audit   '@sapphire/shapeshift': [ '3.5.1' ],
54 silly audit   '@types/node': [ '17.0.33' ],
54 silly audit   '@types/node-fetch': [ '2.6.2' ],
54 silly audit   'form-data': [ '3.0.1', '4.0.0' ],
54 silly audit   '@types/ws': [ '8.5.3' ],
54 silly audit   asynckit: [ '0.4.0' ],
54 silly audit   'combined-stream': [ '1.0.8' ],
54 silly audit   'delayed-stream': [ '1.0.0' ],
54 silly audit   'discord-temp-channels': [ '3.0.2' ],
54 silly audit   'discord-together': [ '1.3.3' ],
54 silly audit   'fast-deep-equal': [ '3.1.3' ],
54 silly audit   'lodash.uniqwith': [ '4.5.0' ],
54 silly audit   'mime-db': [ '1.52.0' ],
54 silly audit   'mime-types': [ '2.1.35' ],
54 silly audit   'node-fetch': [ '2.6.7' ],
54 silly audit   tr46: [ '0.0.3' ],
54 silly audit   'ts-mixer': [ '6.0.1' ],
54 silly audit   tslib: [ '2.4.0' ],
54 silly audit   'webidl-conversions': [ '3.0.1' ],
54 silly audit   'whatwg-url': [ '5.0.0' ],
54 silly audit   ws: [ '8.9.0' ],
54 silly audit   'discord.js': [ '13.12.0' ]
54 silly audit }
55 timing reify:unpack Completed in 1ms
56 timing reify:unretire Completed in 0ms
57 timing build:queue Completed in 0ms
58 timing build:deps Completed in 1ms
59 timing build Completed in 1ms
60 timing reify:build Completed in 2ms
61 timing reify:trash Completed in 0ms
62 timing reify:save Completed in 17ms
63 http fetch POST 200 https://registry.npmjs.org/-/npm/v1/security/advisories/bulk 148ms
64 timing auditReport:getReport Completed in 214ms
65 silly audit report {}
66 timing auditReport:init Completed in 0ms
67 timing reify:audit Completed in 216ms
68 timing reify Completed in 1514ms
69 timing command:install Completed in 1522ms
70 notice
70 notice New [31mmajor[39m version of npm available! [31m8.19.2[39m -> [32m9.1.1[39m
70 notice Changelog: [36mhttps://github.com/npm/cli/releases/tag/v9.1.1[39m
70 notice Run [32mnpm install -g npm@9.1.1[39m to update!
70 notice
71 verbose exit 0
72 timing npm Completed in 1823ms
73 info ok
