0 verbose cli [
0 verbose cli   '/usr/local/bin/node',
0 verbose cli   '/usr/local/bin/npm',
0 verbose cli   'install',
0 verbose cli   'discord.js'
0 verbose cli ]
1 info using npm@8.5.0
2 info using node@v16.14.2
3 timing npm:load:whichnode Completed in 1ms
4 timing config:load:defaults Completed in 2ms
5 timing config:load:file:/usr/local/lib/node_modules/npm/npmrc Completed in 6ms
6 timing config:load:builtin Completed in 6ms
7 timing config:load:cli Completed in 52ms
8 timing config:load:env Completed in 1ms
9 timing config:load:project Completed in 6ms
10 timing config:load:file:/home/container/.npmrc Completed in 0ms
11 timing config:load:user Completed in 0ms
12 timing config:load:file:/usr/local/etc/npmrc Completed in 0ms
13 timing config:load:global Completed in 0ms
14 timing config:load:validate Completed in 0ms
15 timing config:load:credentials Completed in 1ms
16 timing config:load:setEnvs Completed in 2ms
17 timing config:load Completed in 73ms
18 timing npm:load:configload Completed in 73ms
19 timing npm:load:setTitle Completed in 0ms
20 timing config:load:flatten Completed in 3ms
21 timing npm:load:display Completed in 7ms
22 verbose logfile /home/container/.npm/_logs/2022-11-05T22_26_55_796Z-debug-0.log
23 timing npm:load:logFile Completed in 7ms
24 timing npm:load:timers Completed in 0ms
25 timing npm:load:configScope Completed in 0ms
26 timing npm:load Completed in 88ms
27 timing arborist:ctor Completed in 1ms
28 silly logfile start cleaning logs, removing 2 files
29 timing idealTree:init Completed in 193ms
30 timing idealTree:userRequests Completed in 9ms
31 silly idealTree buildDeps
32 silly fetch manifest discord.js@^13.12.0
33 timing arborist:ctor Completed in 0ms
34 http fetch GET 200 https://registry.npmjs.org/discord.js 604ms (cache updated)
35 silly placeDep ROOT discord.js@13.12.0 REPLACE for:  want: ^13.12.0
36 timing idealTree:#root Completed in 696ms
37 timing idealTree:node_modules/discord.js Completed in 0ms
38 timing idealTree:buildDeps Completed in 699ms
39 timing idealTree:fixDepFlags Completed in 1ms
40 timing idealTree Completed in 906ms
41 timing reify:loadTrees Completed in 907ms
42 timing reify:diffTrees Completed in 4ms
43 silly reify moves {}
44 timing reify:retireShallow Completed in 0ms
45 timing reify:createSparse Completed in 0ms
46 timing reify:loadBundles Completed in 0ms
47 silly audit bulk request {
47 silly audit   '@discordjs/builders': [ '0.16.0' ],
47 silly audit   'discord-api-types': [ '0.36.3', '0.33.5' ],
47 silly audit   '@discordjs/collection': [ '0.7.0' ],
47 silly audit   '@sapphire/async-queue': [ '1.5.0' ],
47 silly audit   '@sapphire/shapeshift': [ '3.5.1' ],
47 silly audit   '@types/node': [ '17.0.33' ],
47 silly audit   '@types/node-fetch': [ '2.6.2' ],
47 silly audit   'form-data': [ '3.0.1', '4.0.0' ],
47 silly audit   '@types/ws': [ '8.5.3' ],
47 silly audit   asynckit: [ '0.4.0' ],
47 silly audit   'combined-stream': [ '1.0.8' ],
47 silly audit   'delayed-stream': [ '1.0.0' ],
47 silly audit   'discord-temp-channels': [ '3.0.2' ],
47 silly audit   'discord-together': [ '1.3.3' ],
47 silly audit   'fast-deep-equal': [ '3.1.3' ],
47 silly audit   'lodash.uniqwith': [ '4.5.0' ],
47 silly audit   'mime-db': [ '1.52.0' ],
47 silly audit   'mime-types': [ '2.1.35' ],
47 silly audit   'node-fetch': [ '2.6.7' ],
47 silly audit   tr46: [ '0.0.3' ],
47 silly audit   'ts-mixer': [ '6.0.1' ],
47 silly audit   tslib: [ '2.4.0' ],
47 silly audit   'webidl-conversions': [ '3.0.1' ],
47 silly audit   'whatwg-url': [ '5.0.0' ],
47 silly audit   ws: [ '8.9.0' ],
47 silly audit   'discord.js': [ '13.12.0' ]
47 silly audit }
48 timing reify:unpack Completed in 1ms
49 timing reify:unretire Completed in 0ms
50 timing build:queue Completed in 1ms
51 timing build:deps Completed in 1ms
52 timing build Completed in 1ms
53 timing reify:build Completed in 1ms
54 timing reify:trash Completed in 0ms
55 timing reify:save Completed in 17ms
56 http fetch POST 200 https://registry.npmjs.org/-/npm/v1/security/advisories/bulk 220ms
57 timing auditReport:getReport Completed in 223ms
58 silly audit report {}
59 timing auditReport:init Completed in 0ms
60 timing reify:audit Completed in 225ms
61 timing reify Completed in 1226ms
62 timing command:install Completed in 1236ms
63 notice
63 notice New [33mminor[39m version of npm available! [31m8.5.0[39m -> [32m8.19.3[39m
63 notice Changelog: [36mhttps://github.com/npm/cli/releases/tag/v8.19.3[39m
63 notice Run [32mnpm install -g npm@8.19.3[39m to update!
63 notice
64 verbose exit 0
65 timing npm Completed in 1848ms
66 info ok
